<?xml version="1.0" encoding="UTF-8"?>
<testsuite xmlns:xsi="http://www.w3.org/2001/XMLSchema-instance" xsi:noNamespaceSchemaLocation="https://maven.apache.org/surefire/maven-surefire-plugin/xsd/surefire-test-report.xsd" version="3.0.2" name="com.kechez.customer_project.DriverTests" time="8.752" tests="1" errors="0" skipped="0" failures="0">
  <properties>
[...]
</properties>
  <testcase name="contextLoads" classname="com.kechez.customer_project.DriverTests" time="0.564">
    <system-out><![CDATA[22:47:11.023 [main] INFO org.springframework.test.context.support.AnnotationConfigContextLoaderUtils -- Could not detect default configuration classes for test class [com.kechez.customer_project.DriverTests]: DriverTests does not declare any static, non-private, non-final, nested classes annotated with @Configuration.
22:47:11.236 [main] INFO org.springframework.boot.test.context.SpringBootTestContextBootstrapper -- Found @SpringBootConfiguration com.kechez.customer_project.Driver for test class com.kechez.customer_project.DriverTests

  .   ____          _            __ _ _
 /\\ / ___'_ __ _ _(_)_ __  __ _ \ \ \ \
( ( )\___ | '_ | '_| | '_ \/ _` | \ \ \ \
 \\/  ___)| |_)| | | | | || (_| |  ) ) ) )
  '  |____| .__|_| |_|_| |_\__, | / / / /
 =========|_|==============|___/=/_/_/_/

 :: Spring Boot ::                (v3.5.3)

2025-07-24T22:47:11.956-04:00  INFO 35472 --- [customer-project] [           main] c.kechez.customer_project.DriverTests    : Starting DriverTests using Java 17.0.15 with PID 35472 (started by Kenechukwu in C:\Users\kirby\Desktop\Nageswaran Project\customer-project\customer-project)
2025-07-24T22:47:11.958-04:00  INFO 35472 --- [customer-project] [           main] c.kechez.customer_project.DriverTests    : No active profile set, falling back to 1 default profile: "default"
2025-07-24T22:47:13.578-04:00  INFO 35472 --- [customer-project] [           main] .s.d.r.c.RepositoryConfigurationDelegate : Bootstrapping Spring Data JPA repositories in DEFAULT mode.
2025-07-24T22:47:13.698-04:00  INFO 35472 --- [customer-project] [           main] .s.d.r.c.RepositoryConfigurationDelegate : Finished Spring Data repository scanning in 100 ms. Found 2 JPA repository interfaces.
2025-07-24T22:47:14.239-04:00  INFO 35472 --- [customer-project] [           main] com.zaxxer.hikari.HikariDataSource       : HikariPool-1 - Starting...
2025-07-24T22:47:14.542-04:00  INFO 35472 --- [customer-project] [           main] com.zaxxer.hikari.pool.HikariPool        : HikariPool-1 - Added connection conn0: url=jdbc:h2:mem:testdb user=SA
2025-07-24T22:47:14.544-04:00  INFO 35472 --- [customer-project] [           main] com.zaxxer.hikari.HikariDataSource       : HikariPool-1 - Start completed.
2025-07-24T22:47:14.805-04:00  INFO 35472 --- [customer-project] [           main] o.hibernate.jpa.internal.util.LogHelper  : HHH000204: Processing PersistenceUnitInfo [name: default]
2025-07-24T22:47:14.950-04:00  INFO 35472 --- [customer-project] [           main] org.hibernate.Version                    : HHH000412: Hibernate ORM core version 6.6.18.Final
2025-07-24T22:47:15.029-04:00  INFO 35472 --- [customer-project] [           main] o.h.c.internal.RegionFactoryInitiator    : HHH000026: Second-level cache disabled
2025-07-24T22:47:15.551-04:00  INFO 35472 --- [customer-project] [           main] o.s.o.j.p.SpringPersistenceUnitInfo      : No LoadTimeWeaver setup: ignoring JPA class transformer
2025-07-24T22:47:15.656-04:00  WARN 35472 --- [customer-project] [           main] org.hibernate.orm.deprecation            : HHH90000025: H2Dialect does not need to be specified explicitly using 'hibernate.dialect' (remove the property setting and it will be selected by default)
2025-07-24T22:47:15.696-04:00  INFO 35472 --- [customer-project] [           main] org.hibernate.orm.connections.pooling    : HHH10001005: Database info:
	Database JDBC URL [Connecting through datasource 'HikariDataSource (HikariPool-1)']
	Database driver: undefined/unknown
	Database version: 2.3.232
	Autocommit mode: undefined/unknown
	Isolation level: undefined/unknown
	Minimum pool size: undefined/unknown
	Maximum pool size: undefined/unknown
2025-07-24T22:47:16.806-04:00  INFO 35472 --- [customer-project] [           main] o.h.e.t.j.p.i.JtaPlatformInitiator       : HHH000489: No JTA platform available (set 'hibernate.transaction.jta.platform' to enable JTA platform integration)
2025-07-24T22:47:16.832-04:00  INFO 35472 --- [customer-project] [           main] j.LocalContainerEntityManagerFactoryBean : Initialized JPA EntityManagerFactory for persistence unit 'default'
2025-07-24T22:47:17.623-04:00  WARN 35472 --- [customer-project] [           main] JpaBaseConfiguration$JpaWebConfiguration : spring.jpa.open-in-view is enabled by default. Therefore, database queries may be performed during view rendering. Explicitly configure spring.jpa.open-in-view to disable this warning
2025-07-24T22:47:18.730-04:00  INFO 35472 --- [customer-project] [           main] o.s.b.a.h2.H2ConsoleAutoConfiguration    : H2 console available at '/h2-console'. Database available at 'jdbc:h2:mem:testdb'
2025-07-24T22:47:18.762-04:00  INFO 35472 --- [customer-project] [           main] o.s.b.a.e.web.EndpointLinksResolver      : Exposing 1 endpoint beneath base path '/actuator'
2025-07-24T22:47:18.872-04:00  INFO 35472 --- [customer-project] [           main] c.kechez.customer_project.DriverTests    : Started DriverTests in 7.378 seconds (process running for 8.838)
2025-07-24T22:47:18.948-04:00  INFO 35472 --- [customer-project] [           main] o.s.b.a.b.JobLauncherApplicationRunner   : Running default command line with: []
]]></system-out>
  </testcase>
</testsuite>